[2025-08-06 13:54:01,534][__main__][INFO] - ✅ Found params.json at: /home/dennis-grisham/D501_Project_1_NYC_Airbnb/outputs/params.json
[2025-08-06 13:54:01,534][__main__][INFO] - 🚀 Starting register_model step...
[2025-08-06 13:54:01,534][__main__][INFO] - 📂 Using working directory: /home/dennis-grisham/D501_Project_1_NYC_Airbnb
[2025-08-06 14:01:24,107][__main__][INFO] - ✅ Found params.json at: /home/dennis-grisham/D501_Project_1_NYC_Airbnb/outputs/params.json
[2025-08-06 14:01:24,107][__main__][INFO] - 🚀 Starting register_model step...
[2025-08-06 14:01:24,107][__main__][INFO] - 📂 Using working directory: /home/dennis-grisham/D501_Project_1_NYC_Airbnb
[2025-08-06 14:05:04,301][__main__][INFO] - ✅ Found params.json at: /home/dennis-grisham/D501_Project_1_NYC_Airbnb/outputs/params.json
[2025-08-06 14:05:04,301][__main__][INFO] - 🚀 Starting register_model step...
[2025-08-06 14:05:04,301][__main__][INFO] - 📂 Using working directory: /home/dennis-grisham/D501_Project_1_NYC_Airbnb
[2025-08-06 14:05:05,130][__main__][INFO] - ✅ Finished register_model step
[2025-08-06 14:23:59,742][__main__][INFO] - ✅ Found params.json at: /home/dennis-grisham/D501_Project_1_NYC_Airbnb/outputs/params.json
[2025-08-06 14:23:59,742][__main__][INFO] - 🚀 Starting register_model step...
[2025-08-06 14:23:59,742][__main__][INFO] - 📂 Using working directory: /home/dennis-grisham/D501_Project_1_NYC_Airbnb
[2025-08-06 14:24:00,563][__main__][INFO] - ✅ Finished register_model step
[2025-08-06 15:21:17,231][__main__][INFO] - ✅ Found params.json at: /home/dennis-grisham/D501_Project_1_NYC_Airbnb/outputs/params.json
[2025-08-06 15:21:17,231][__main__][INFO] - 🚀 Starting register_model step...
[2025-08-06 15:21:17,231][__main__][INFO] - 📂 Using working directory: /home/dennis-grisham/D501_Project_1_NYC_Airbnb
[2025-08-06 15:21:18,055][__main__][INFO] - ✅ Finished register_model step
[2025-08-06 15:37:45,742][__main__][INFO] - ✅ Found params.json at: /home/dennis-grisham/D501_Project_1_NYC_Airbnb/outputs/params.json
[2025-08-06 15:37:45,742][__main__][INFO] - 🚀 Starting register_model step...
[2025-08-06 15:37:45,742][__main__][INFO] - 📂 Using working directory: /home/dennis-grisham/D501_Project_1_NYC_Airbnb
[2025-08-06 15:37:46,616][__main__][INFO] - ✅ Finished register_model step
[2025-08-06 20:48:44,745][__main__][INFO] - ⚡ Running register_model as a standalone MLproject entry point...
[2025-08-10 11:54:23,513][__main__][INFO] - ▶ Running local 'segregate' step (src/segregate/run.py)...
[2025-08-10 11:54:25,087][__main__][INFO] - ✅ Finished 'segregate' step
[2025-08-10 12:13:04,555][__main__][INFO] - ▶ Running local 'segregate' step (src/segregate/run.py)...
[2025-08-10 12:13:05,830][__main__][INFO] - ✅ Finished 'segregate' step
[2025-08-10 12:18:36,816][__main__][INFO] - ⚡ Running register_model as a standalone MLproject entry point...
[2025-08-10 12:30:50,975][__main__][INFO] - ▶ Running local 'segregate' step (src/segregate/run.py)...
[2025-08-10 12:30:52,249][__main__][INFO] - ✅ Finished 'segregate' step
[2025-08-10 12:31:08,827][__main__][INFO] - ✅ Found params.json at: /home/dennis-grisham/D501_Project_1_NYC_Airbnb/outputs/params.json
[2025-08-10 12:31:08,827][__main__][INFO] - 🚀 Starting register_model step...
[2025-08-10 12:31:08,827][__main__][INFO] - 📂 Using working directory: /home/dennis-grisham/D501_Project_1_NYC_Airbnb
[2025-08-10 12:31:09,676][__main__][INFO] - ✅ Finished register_model step
