[2025-08-06 20:48:45,477][__main__][INFO] - 🚀 Starting register_model step...
[2025-08-06 20:48:45,477][__main__][INFO] - [DEBUG] Project root resolved as: /home/dennis-grisham/D501_Project_1_NYC_Airbnb
[2025-08-06 20:48:45,477][__main__][INFO] - [DEBUG] Looking for outputs directory at: /home/dennis-grisham/D501_Project_1_NYC_Airbnb/outputs
[2025-08-06 20:48:45,477][__main__][INFO] - [DEBUG] Expecting params.json at: /home/dennis-grisham/D501_Project_1_NYC_Airbnb/outputs/params.json
[2025-08-06 20:48:45,477][__main__][INFO] - ✅ Found params.json! Printing contents:
[2025-08-06 20:48:45,477][__main__][INFO] - {"trained_model_run_id": "2d3fe451a01249a6ab115c3a378ab19b"}
[2025-08-06 20:48:45,477][__main__][INFO] - [DEBUG] Using trained_model_run_id: 2d3fe451a01249a6ab115c3a378ab19b
[2025-08-06 20:48:45,485][__main__][INFO] - [DEBUG] Model URI to register: runs:/2d3fe451a01249a6ab115c3a378ab19b/random_forest_model_20250806_204346
[2025-08-06 20:48:45,488][__main__][INFO] - ✅ Registered new model version: 3
[2025-08-10 12:18:37,550][__main__][INFO] - 🚀 Starting register_model step...
[2025-08-10 12:18:37,550][__main__][INFO] - [DEBUG] Project root resolved as: /home/dennis-grisham/D501_Project_1_NYC_Airbnb
[2025-08-10 12:18:37,551][__main__][INFO] - [DEBUG] Looking for outputs directory at: /home/dennis-grisham/D501_Project_1_NYC_Airbnb/outputs
[2025-08-10 12:18:37,551][__main__][INFO] - [DEBUG] Expecting params.json at: /home/dennis-grisham/D501_Project_1_NYC_Airbnb/outputs/params.json
[2025-08-10 12:18:37,551][__main__][INFO] - ✅ Found params.json! Printing contents:
[2025-08-10 12:18:37,551][__main__][INFO] - {"trained_model_run_id": "cd6b35f1090749a6ba4c06649715ec34"}
[2025-08-10 12:18:37,551][__main__][INFO] - [DEBUG] Using trained_model_run_id: cd6b35f1090749a6ba4c06649715ec34
[2025-08-10 12:18:37,562][__main__][INFO] - [DEBUG] Model URI to register: runs:/cd6b35f1090749a6ba4c06649715ec34/random_forest_model_20250810_121819
[2025-08-10 12:18:37,567][__main__][INFO] - ✅ Registered new model version: 4
[2025-08-11 20:51:18,625][__main__][INFO] - 🚀 Starting register_model step...
[2025-08-11 20:51:18,625][__main__][INFO] - [DEBUG] Project root resolved as: /home/dennis-grisham/D501_Project_1_NYC_Airbnb
[2025-08-11 20:51:18,625][__main__][INFO] - [DEBUG] Looking for outputs directory at: /home/dennis-grisham/D501_Project_1_NYC_Airbnb/outputs
[2025-08-11 20:51:18,625][__main__][INFO] - [DEBUG] Expecting params.json at: /home/dennis-grisham/D501_Project_1_NYC_Airbnb/outputs/params.json
[2025-08-11 20:51:18,625][__main__][INFO] - ✅ Found params.json! Printing contents:
[2025-08-11 20:51:18,626][__main__][INFO] - {"trained_model_run_id": "bb15c80e4ed244ca98336e9d2703fc66"}
[2025-08-11 20:51:18,626][__main__][INFO] - [DEBUG] Using trained_model_run_id: bb15c80e4ed244ca98336e9d2703fc66
[2025-08-11 20:51:18,635][__main__][INFO] - ⏩ Skipped — same run ID as latest version
